C51 COMPILER V9.53.0.0   HARDWARE_CONFIG                                                   07/10/2017 21:21:08 PAGE 1   


C51 COMPILER V9.53.0.0, COMPILATION OF MODULE HARDWARE_CONFIG
OBJECT MODULE PLACED IN .\lib\efm8sb1\cslib\device_layer\hardware_config.OBJ
COMPILER INVOKED BY: c:\SiliconLabs\SimplicityStudio\v4\developer\toolchains\keil_8051\9.53\BIN\C51.exe C:\Users\kburzin
                    -ski\SimplicityStudio\v4_workspace\BoldportTouchyAPIDemo\lib\efm8sb1\cslib\device_layer\hardware_config.c OMF2 SMALL DEBU
                    -G OBJECTEXTEND ROM(LARGE) WARNINGLEVEL(2) FLOATFUZZY(3) OPTIMIZE(8,SPEED) DEFINE(DEBUG=1) INTVECTOR(0X0000) INTPROMOTE I
                    -NCDIR(C:\Users\kburzinski\SimplicityStudio\v4_workspace\BoldportTouchyAPIDemo\inc\config;C:/Users/kburzinski/SimplicityS
                    -tudio/v4_workspace/BoldportTouchyAPIDemo/inc;C:/SiliconLabs/SimplicityStudio/v4/developer/sdks/8051/v4.0.4//Device/share
                    -d/si8051base;C:/SiliconLabs/SimplicityStudio/v4/developer/sdks/8051/v4.0.4//Device/EFM8SB1/inc;C:/SiliconLabs/Simplicity
                    -Studio/v4/developer/sdks/8051/v4.0.4//Lib/efm8_capsense;C:/SiliconLabs/SimplicityStudio/v4/developer/sdks/8051/v4.0.4//D
                    -evice/EFM8SB1/efm8_capsense/device_layer) PRINT(.\lib\efm8sb1\cslib\device_layer\hardware_config.lst) COND PAGEWIDTH(120
                    -) PAGELENGTH(65) OBJECT(.\lib\efm8sb1\cslib\device_layer\hardware_config.OBJ)

line level    source

   1          /**************************************************************************//**
   2           * Copyright (c) 2015 by Silicon Laboratories Inc. All rights reserved.
   3           *
   4           * http://developer.silabs.com/legal/version/v11/Silicon_Labs_Software_License_Agreement.txt
   5           *****************************************************************************/
   6          
   7          #include "cslib_hwconfig.h"
   8          #include "hardware_routines.h"
   9          #include "cslib_config.h"
  10          
  11          // Default values in a one-to-one mapping with the sensor node.  These values
  12          // are copied into the sensor node entry for that sensor at startup.
  13          SI_SEGMENT_VARIABLE (CSLIB_muxValues[DEF_NUM_SENSORS], uint8_t, SI_SEG_CODE) =
  14          {
  15            MUX_VALUE_ARRAY
  16          };
  17          // Default values in a one-to-one mapping with the sensor node.  These values
  18          // are copied into the sensor node entry for that sensor at startup.
  19          SI_SEGMENT_VARIABLE (CSLIB_gainValues[DEF_NUM_SENSORS], uint8_t, SI_SEG_CODE) =
  20          {
  21            GAIN_VALUE_ARRAY
  22          };
  23          
  24          // Default values in a one-to-one mapping with the sensor node.  These values
  25          // are copied into the sensor node entry for that sensor at startup.
  26          SI_SEGMENT_VARIABLE (CSLIB_accumulationValues[DEF_NUM_SENSORS], uint8_t, SI_SEG_CODE) =
  27          {
  28            ACCUMULATION_VALUE_ARRAY
  29          };


MODULE INFORMATION:   STATIC OVERLAYABLE
   CODE SIZE        =   ----    ----
   CONSTANT SIZE    =     27    ----
   XDATA SIZE       =   ----    ----
   PDATA SIZE       =   ----    ----
   DATA SIZE        =   ----    ----
   IDATA SIZE       =   ----    ----
   BIT SIZE         =   ----    ----
   EDATA SIZE       =   ----    ----
   HDATA SIZE       =   ----    ----
   XDATA CONST SIZE =   ----    ----
   FAR CONST SIZE   =   ----    ----
END OF MODULE INFORMATION.


C51 COMPILATION COMPLETE.  0 WARNING(S),  0 ERROR(S)
